2020-06-04 08:27:09.361  INFO 7324 --- [restartedMain] com.lilanz.printer.PrinterApplication    : Starting PrinterApplication on P501ZKMX with PID 7324 (F:\IntelliJ IDEA 2020.1\project\printer\target\classes started by zhch in F:\IntelliJ IDEA 2020.1\project\printer)
2020-06-04 08:27:09.369  INFO 7324 --- [restartedMain] com.lilanz.printer.PrinterApplication    : The following profiles are active: dev
2020-06-04 08:27:09.511  INFO 7324 --- [restartedMain] o.s.b.devtools.restart.ChangeableUrls    : The Class-Path manifest attribute in C:\Users\zhch\.m2\repository\com\lilanz\zprinter\1.0\zprinter-1.0.jar referenced one or more files that do not exist: file:/C:/Users/zhch/.m2/repository/com/lilanz/zprinter/1.0/bcpkix-jdk15on-1.48.jar,file:/C:/Users/zhch/.m2/repository/com/lilanz/zprinter/1.0/bcprov-jdk15on-1.48.jar,file:/C:/Users/zhch/.m2/repository/com/lilanz/zprinter/1.0/commons-codec-1.8.jar,file:/C:/Users/zhch/.m2/repository/com/lilanz/zprinter/1.0/commons-io-2.2.jar,file:/C:/Users/zhch/.m2/repository/com/lilanz/zprinter/1.0/commons-lang3-3.4.jar,file:/C:/Users/zhch/.m2/repository/com/lilanz/zprinter/1.0/commons-net-3.1.jar,file:/C:/Users/zhch/.m2/repository/com/lilanz/zprinter/1.0/commons-validator-1.4.0.jar,file:/C:/Users/zhch/.m2/repository/com/lilanz/zprinter/1.0/httpcore-4.3.1.jar,file:/C:/Users/zhch/.m2/repository/com/lilanz/zprinter/1.0/httpmime-4.3.2.jar,file:/C:/Users/zhch/.m2/repository/com/lilanz/zprinter/1.0/jackson-annotations-2.2.3.jar,file:/C:/Users/zhch/.m2/repository/com/lilanz/zprinter/1.0/jackson-core-2.2.3.jar,file:/C:/Users/zhch/.m2/repository/com/lilanz/zprinter/1.0/jackson-databind-2.2.3.jar,file:/C:/Users/zhch/.m2/repository/com/lilanz/zprinter/1.0/log4j-1.2.17.jar,file:/C:/Users/zhch/.m2/repository/com/lilanz/zprinter/1.0/opencsv-2.2.jar,file:/C:/Users/zhch/.m2/repository/com/lilanz/zprinter/1.0/snmp6_1.jar
2020-06-04 08:27:09.514  INFO 7324 --- [restartedMain] .e.DevToolsPropertyDefaultsPostProcessor : Devtools property defaults active! Set 'spring.devtools.add-properties' to 'false' to disable
2020-06-04 08:27:09.515  INFO 7324 --- [restartedMain] .e.DevToolsPropertyDefaultsPostProcessor : For additional web related logging consider setting the 'logging.level.web' property to 'DEBUG'
2020-06-04 08:27:11.807  INFO 7324 --- [restartedMain] o.s.b.w.embedded.tomcat.TomcatWebServer  : Tomcat initialized with port(s): 80 (http)
2020-06-04 08:27:11.822  INFO 7324 --- [restartedMain] o.apache.catalina.core.StandardService   : Starting service [Tomcat]
2020-06-04 08:27:11.822  INFO 7324 --- [restartedMain] org.apache.catalina.core.StandardEngine  : Starting Servlet engine: [Apache Tomcat/9.0.33]
2020-06-04 08:27:12.023  INFO 7324 --- [restartedMain] o.a.c.c.C.[Tomcat].[localhost].[/]       : Initializing Spring embedded WebApplicationContext
2020-06-04 08:27:12.023  INFO 7324 --- [restartedMain] o.s.web.context.ContextLoader            : Root WebApplicationContext: initialization completed in 2507 ms
2020-06-04 08:27:13.056  INFO 7324 --- [restartedMain] o.s.s.concurrent.ThreadPoolTaskExecutor  : Initializing ExecutorService 'applicationTaskExecutor'
2020-06-04 08:27:13.245  INFO 7324 --- [restartedMain] o.s.b.a.w.s.WelcomePageHandlerMapping    : Adding welcome page template: index
2020-06-04 08:27:13.609  WARN 7324 --- [restartedMain] org.thymeleaf.templatemode.TemplateMode  : [THYMELEAF][restartedMain] Template Mode 'HTML5' is deprecated. Using Template Mode 'HTML' instead.
2020-06-04 08:27:14.164  INFO 7324 --- [restartedMain] o.s.b.d.a.OptionalLiveReloadServer       : LiveReload server is running on port 35729
2020-06-04 08:27:14.297  INFO 7324 --- [restartedMain] o.s.b.w.embedded.tomcat.TomcatWebServer  : Tomcat started on port(s): 80 (http) with context path ''
2020-06-04 08:27:14.314  INFO 7324 --- [restartedMain] com.lilanz.printer.PrinterApplication    : Started PrinterApplication in 6.019 seconds (JVM running for 9.377)
2020-06-04 08:28:01.782  INFO 8 --- [restartedMain] com.lilanz.printer.PrinterApplication    : Starting PrinterApplication on P501ZKMX with PID 8 (F:\IntelliJ IDEA 2020.1\project\printer\target\classes started by zhch in F:\IntelliJ IDEA 2020.1\project\printer)
2020-06-04 08:28:01.785  INFO 8 --- [restartedMain] com.lilanz.printer.PrinterApplication    : The following profiles are active: dev
2020-06-04 08:28:01.849  INFO 8 --- [restartedMain] o.s.b.devtools.restart.ChangeableUrls    : The Class-Path manifest attribute in C:\Users\zhch\.m2\repository\com\lilanz\zprinter\1.0\zprinter-1.0.jar referenced one or more files that do not exist: file:/C:/Users/zhch/.m2/repository/com/lilanz/zprinter/1.0/bcpkix-jdk15on-1.48.jar,file:/C:/Users/zhch/.m2/repository/com/lilanz/zprinter/1.0/bcprov-jdk15on-1.48.jar,file:/C:/Users/zhch/.m2/repository/com/lilanz/zprinter/1.0/commons-codec-1.8.jar,file:/C:/Users/zhch/.m2/repository/com/lilanz/zprinter/1.0/commons-io-2.2.jar,file:/C:/Users/zhch/.m2/repository/com/lilanz/zprinter/1.0/commons-lang3-3.4.jar,file:/C:/Users/zhch/.m2/repository/com/lilanz/zprinter/1.0/commons-net-3.1.jar,file:/C:/Users/zhch/.m2/repository/com/lilanz/zprinter/1.0/commons-validator-1.4.0.jar,file:/C:/Users/zhch/.m2/repository/com/lilanz/zprinter/1.0/httpcore-4.3.1.jar,file:/C:/Users/zhch/.m2/repository/com/lilanz/zprinter/1.0/httpmime-4.3.2.jar,file:/C:/Users/zhch/.m2/repository/com/lilanz/zprinter/1.0/jackson-annotations-2.2.3.jar,file:/C:/Users/zhch/.m2/repository/com/lilanz/zprinter/1.0/jackson-core-2.2.3.jar,file:/C:/Users/zhch/.m2/repository/com/lilanz/zprinter/1.0/jackson-databind-2.2.3.jar,file:/C:/Users/zhch/.m2/repository/com/lilanz/zprinter/1.0/log4j-1.2.17.jar,file:/C:/Users/zhch/.m2/repository/com/lilanz/zprinter/1.0/opencsv-2.2.jar,file:/C:/Users/zhch/.m2/repository/com/lilanz/zprinter/1.0/snmp6_1.jar
2020-06-04 08:28:01.850  INFO 8 --- [restartedMain] .e.DevToolsPropertyDefaultsPostProcessor : Devtools property defaults active! Set 'spring.devtools.add-properties' to 'false' to disable
2020-06-04 08:28:01.850  INFO 8 --- [restartedMain] .e.DevToolsPropertyDefaultsPostProcessor : For additional web related logging consider setting the 'logging.level.web' property to 'DEBUG'
2020-06-04 08:28:04.136  INFO 8 --- [restartedMain] o.s.b.w.embedded.tomcat.TomcatWebServer  : Tomcat initialized with port(s): 80 (http)
2020-06-04 08:28:04.149  INFO 8 --- [restartedMain] o.apache.catalina.core.StandardService   : Starting service [Tomcat]
2020-06-04 08:28:04.149  INFO 8 --- [restartedMain] org.apache.catalina.core.StandardEngine  : Starting Servlet engine: [Apache Tomcat/9.0.33]
2020-06-04 08:28:04.337  INFO 8 --- [restartedMain] o.a.c.c.C.[Tomcat].[localhost].[/]       : Initializing Spring embedded WebApplicationContext
2020-06-04 08:28:04.337  INFO 8 --- [restartedMain] o.s.web.context.ContextLoader            : Root WebApplicationContext: initialization completed in 2487 ms
2020-06-04 08:28:05.270  INFO 8 --- [restartedMain] o.s.s.concurrent.ThreadPoolTaskExecutor  : Initializing ExecutorService 'applicationTaskExecutor'
2020-06-04 08:28:05.326  INFO 8 --- [restartedMain] o.s.b.a.w.s.WelcomePageHandlerMapping    : Adding welcome page template: index
2020-06-04 08:28:05.381  WARN 8 --- [restartedMain] org.thymeleaf.templatemode.TemplateMode  : [THYMELEAF][restartedMain] Template Mode 'HTML5' is deprecated. Using Template Mode 'HTML' instead.
2020-06-04 08:28:05.483  INFO 8 --- [restartedMain] o.s.b.d.a.OptionalLiveReloadServer       : LiveReload server is running on port 35729
2020-06-04 08:28:05.539  INFO 8 --- [restartedMain] o.s.b.w.embedded.tomcat.TomcatWebServer  : Tomcat started on port(s): 80 (http) with context path ''
2020-06-04 08:28:05.543  INFO 8 --- [restartedMain] com.lilanz.printer.PrinterApplication    : Started PrinterApplication in 4.269 seconds (JVM running for 5.632)
2020-06-04 08:28:42.173  INFO 8 --- [http-nio-80-exec-1] o.a.c.c.C.[Tomcat].[localhost].[/]       : Initializing Spring DispatcherServlet 'dispatcherServlet'
2020-06-04 08:28:42.173  INFO 8 --- [http-nio-80-exec-1] o.s.web.servlet.DispatcherServlet        : Initializing Servlet 'dispatcherServlet'
2020-06-04 08:28:42.183  INFO 8 --- [http-nio-80-exec-1] o.s.web.servlet.DispatcherServlet        : Completed initialization in 10 ms
2020-06-04 08:28:42.493  WARN 8 --- [http-nio-80-exec-1] .w.s.m.s.DefaultHandlerExceptionResolver : Resolved [org.springframework.http.converter.HttpMessageNotReadableException: Required request body is missing: public java.util.Map<java.lang.String, java.lang.String> com.lilanz.printer.controller.IndexController.print(com.alibaba.fastjson.JSONObject)]
